<?xml version="1.0" encoding="UTF-8"?>
<beans xmlns="http://www.springframework.org/schema/beans"
    xmlns:xsi="http://www.w3.org/2001/XMLSchema-instance" xmlns:p="http://www.springframework.org/schema/p"
    xmlns:tx="http://www.springframework.org/schema/tx" xmlns:context="http://www.springframework.org/schema/context"
    xsi:schemaLocation="
            http://www.springframework.org/schema/beans 
            http://www.springframework.org/schema/beans/spring-beans.xsd
            http://www.springframework.org/schema/tx 
            http://www.springframework.org/schema/tx/spring-tx.xsd
            http://www.springframework.org/schema/context
            http://www.springframework.org/schema/context/spring-context.xsd
            ">

    <!-- Enable annotation style of managing transactions -->
    <tx:annotation-driven transaction-manager="transactionManager" proxy-target-class="true"/>

    <bean id="sessionFactory"
        class="org.springframework.orm.hibernate3.annotation.AnnotationSessionFactoryBean"
        p:packagesToScan="com.mango.mif.connector.domain, com.mango.mif.core.domain">
        <property name="dataSource" ref="dataSource" />
        <property name="hibernateProperties">
            <props>
                <prop key="hibernate.dialect">org.hibernate.dialect.H2Dialect</prop>
                <prop key="hibernate.show_sql">false</prop>
                <prop key="hibernate.connection.SetBigStringTryClob">true</prop>
                <prop key="hibernate.jdbc.batch_size">0</prop>
                <prop key="hibernate.hbm2ddl.auto">create</prop>
            </props>
        </property>
    </bean>


    <!-- Declare a datasource that has pooling capabilities-->
    <bean id="dataSource"
        class="com.mchange.v2.c3p0.ComboPooledDataSource">
        <property name="driverClass" value="org.h2.Driver" />
        <property name="jdbcUrl" value="jdbc:h2:file:db/h2db;LOCK_TIMEOUT=10000" />
        <property name="user" value="sa" />
        <property name="password" value="" />
        <property name="initialPoolSize" value="2"/>
        <property name="acquireIncrement" value="1"/>
    </bean>


    <!-- Declare a transaction manager-->
    <bean id="transactionManager"
        class="org.springframework.orm.hibernate3.HibernateTransactionManager"
        p:sessionFactory-ref="sessionFactory" />
        
    <bean id="hibernateTemplate" class="org.springframework.orm.hibernate3.HibernateTemplate"
        p:sessionFactory-ref="sessionFactory" />
        

</beans>